{"D:\\Coding\\Udacity\\project1\\fend\\projects\\evaluate-news-nlp\\src\\client\\js\\textChecker.js": {"path":"D:\\Coding\\Udacity\\project1\\fend\\projects\\evaluate-news-nlp\\src\\client\\js\\textChecker.js","statementMap":{"0":{"start":{"line":4,"column":4},"end":{"line":4,"column":67}},"1":{"start":{"line":6,"column":4},"end":{"line":6,"column":42}}},"fnMap":{"0":{"name":"checkForText","decl":{"start":{"line":2,"column":9},"end":{"line":2,"column":21}},"loc":{"start":{"line":2,"column":33},"end":{"line":7,"column":1}},"line":2}},"branchMap":{},"s":{"0":1,"1":1},"f":{"0":1},"b":{},"_coverageSchema":"1a1c01bbd47fc00a2c39e90264f33305004495a9","hash":"b0d05278fb75f40fb67b23f95940f41361e019dd"}
}
